<?xml version="1.0" encoding="UTF-8"?>
<!-- Generated by org.testng.reporters.JUnitReportReporter -->
<testsuite hostname="LAPTOP-5E70634L" name="testcases.Login_Test" tests="1" failures="0" timestamp="22 Sep 2021 15:08:17 GMT" time="13.160" errors="0">
  <testcase name="test_single_user" time="13.160" classname="testcases.Login_Test"/>
</testsuite> <!-- testcases.Login_Test -->
